{
  "stats": {
    "suites": 1,
    "tests": 1,
    "passes": 1,
    "pending": 0,
    "failures": 0,
    "start": "2025-03-22T07:10:29.726Z",
    "end": "2025-03-22T07:10:31.434Z",
    "duration": 1708,
    "testsRegistered": 1,
    "passPercent": 100,
    "pendingPercent": 0,
    "other": 0,
    "hasOther": false,
    "skipped": 0,
    "hasSkipped": false
  },
  "results": [
    {
      "uuid": "26ab1173-c0e5-466a-b400-986da114e57c",
      "title": "",
      "fullFile": "cypress\\e2e\\APIAutomation\\PostCalls.cy.js",
      "file": "cypress\\e2e\\APIAutomation\\PostCalls.cy.js",
      "beforeHooks": [],
      "afterHooks": [],
      "tests": [],
      "suites": [
        {
          "uuid": "32833c8e-2a3c-489a-b8be-78e1b59b78b1",
          "title": "API Testing",
          "fullFile": "",
          "file": "",
          "beforeHooks": [],
          "afterHooks": [],
          "tests": [
            {
              "title": "Approach - Hardcoded JSON Object",
              "fullTitle": "API Testing Approach - Hardcoded JSON Object",
              "timedOut": null,
              "duration": 1677,
              "state": "passed",
              "speed": "fast",
              "pass": true,
              "fail": false,
              "pending": false,
              "context": null,
              "code": "const requestBody = {\n  firstname: \"Chutki\",\n  lastname: \"Jaggu\",\n  totalprice: 111,\n  depositpaid: true,\n  bookingdates: {\n    checkin: \"2018-01-01\",\n    checkout: \"2019-01-01\"\n  },\n  additionalneeds: \"Breakfast\"\n};\ncy.request({\n  method: 'POST',\n  url: 'https://restful-booker.herokuapp.com/booking',\n  body: requestBody,\n  headers: {\n    'Content-Type': 'application/json'\n  }\n}).then(response => {\n  cy.log(JSON.stringify(response.body));\n  // Ensure response status is correct\n  expect(response.status).to.eq(200);\n  // Extract the actual booking details from response\n  const booking = response.body.booking;\n  expect(booking.firstname).to.eq(\"Chutki\");\n  expect(booking.lastname).to.eq(\"Jaggu\");\n  expect(booking.totalprice).to.eq(111);\n});",
              "err": {},
              "uuid": "a968f523-1635-45dc-88ed-80f2ccfd5740",
              "parentUUID": "32833c8e-2a3c-489a-b8be-78e1b59b78b1",
              "isHook": false,
              "skipped": false
            }
          ],
          "suites": [],
          "passes": [
            "a968f523-1635-45dc-88ed-80f2ccfd5740"
          ],
          "failures": [],
          "pending": [],
          "skipped": [],
          "duration": 1677,
          "root": false,
          "rootEmpty": false,
          "_timeout": 2000
        }
      ],
      "passes": [],
      "failures": [],
      "pending": [],
      "skipped": [],
      "duration": 0,
      "root": true,
      "rootEmpty": true,
      "_timeout": 2000
    }
  ],
  "meta": {
    "mocha": {
      "version": "7.0.1"
    },
    "mochawesome": {
      "options": {
        "quiet": false,
        "reportFilename": "mochawesome",
        "saveHtml": false,
        "saveJson": true,
        "consoleReporter": "spec",
        "useInlineDiffs": false,
        "code": true
      },
      "version": "7.1.3"
    },
    "marge": {
      "options": {
        "overwrite": false,
        "html": false,
        "json": true,
        "reportDir": "cypress\\reports\\html\\.jsons"
      },
      "version": "6.2.0"
    }
  }
}