{
  "stats": {
    "suites": 1,
    "tests": 1,
    "passes": 0,
    "pending": 0,
    "failures": 1,
    "start": "2025-03-22T07:10:32.792Z",
    "end": "2025-03-22T07:10:33.581Z",
    "duration": 789,
    "testsRegistered": 1,
    "passPercent": 0,
    "pendingPercent": 0,
    "other": 0,
    "hasOther": false,
    "skipped": 0,
    "hasSkipped": false
  },
  "results": [
    {
      "uuid": "b286fe6e-84a8-4f16-8e77-746fbcaaca99",
      "title": "",
      "fullFile": "cypress\\e2e\\WebAutomation\\11_webTable.cy.js",
      "file": "cypress\\e2e\\WebAutomation\\11_webTable.cy.js",
      "beforeHooks": [],
      "afterHooks": [],
      "tests": [],
      "suites": [
        {
          "uuid": "e0d01ab2-308c-433b-9f07-5049caed0d70",
          "title": "Handle Tables",
          "fullFile": "",
          "file": "",
          "beforeHooks": [],
          "afterHooks": [],
          "tests": [
            {
              "title": "Pagination",
              "fullTitle": "Handle Tables Pagination",
              "timedOut": null,
              "duration": 765,
              "state": "failed",
              "speed": null,
              "pass": false,
              "fail": true,
              "pending": false,
              "context": "{\n  \"title\": \"cypress-mochawesome-reporter-screenshots\",\n  \"value\": [\n    [\n      \"\\\\WebAutomation\\\\11_webTable.cy.js\\\\Handle Tables -- Pagination -- before each hook Login (failed).png\"\n    ]\n  ]\n}",
              "code": "// //find the total number of pages\n// let totalPages;\n// cy.get(\".col-sm-6.text-end\").then((e)=>{ // e= element\n//     let mytext = e.text(); //Showing 1 to 10 of 18879 (1888 Pages)\n//     totalPages = mytext.substring( mytext.indexOf(\"(\")+1, mytext.indexOf(\"Pages\")-1)\n//     cy.log(\"Total number of pages in a table ==>\"+totalPages)\n// })\n//get the data from the table :\nlet totalPages = 5;\nfor (let p = 1; p <= totalPages; p++) {\n  if (totalPages > 1) {\n    cy.log(\"Active page is ==> \" + p);\n    cy.get(\"div[class='col-sm-6 text-start']>ul>li:nth-of-type(\" + p + \")\").click();\n    cy.wait(3000);\n    cy.get(\".table-hover>tbody>tr\").each(($row, index, $rows) => {\n      // row: current row || index: index of the row || rows: all the rows \n      cy.wrap($row).within(() => {\n        cy.get('td:nth-of-type(3)').then(e => {\n          cy.log(e.text()); // Only email\n        });\n      });\n    });\n  }\n}",
              "err": {
                "message": "CypressError: `cy.visit()` failed trying to load:\n\nhttps://demo.opencart.com/admin/index.php?route=common/login\n\nThe response we received from your web server was:\n\n  > 403: Forbidden\n\nThis was considered a failure because the status code was not `2xx`.\n\nIf you do not want status codes to cause failures pass the option: `failOnStatusCode: false`\n\nBecause this error occurred during a `before each` hook we are skipping the remaining tests in the current suite: `Handle Tables`",
                "estack": "CypressError: `cy.visit()` failed trying to load:\n\nhttps://demo.opencart.com/admin/index.php?route=common/login\n\nThe response we received from your web server was:\n\n  > 403: Forbidden\n\nThis was considered a failure because the status code was not `2xx`.\n\nIf you do not want status codes to cause failures pass the option: `failOnStatusCode: false`\n\nBecause this error occurred during a `before each` hook we are skipping the remaining tests in the current suite: `Handle Tables`\n    at <unknown> (http://localhost:53680/__cypress/runner/cypress_runner.js:132318:76)\n    at visitFailedByErr (http://localhost:53680/__cypress/runner/cypress_runner.js:131724:12)\n    at <unknown> (http://localhost:53680/__cypress/runner/cypress_runner.js:132301:13)\n    at tryCatcher (http://localhost:53680/__cypress/runner/cypress_runner.js:1777:23)\n    at Promise._settlePromiseFromHandler (http://localhost:53680/__cypress/runner/cypress_runner.js:1489:31)\n    at Promise._settlePromise (http://localhost:53680/__cypress/runner/cypress_runner.js:1546:18)\n    at Promise._settlePromise0 (http://localhost:53680/__cypress/runner/cypress_runner.js:1591:10)\n    at Promise._settlePromises (http://localhost:53680/__cypress/runner/cypress_runner.js:1667:18)\n    at _drainQueueStep (http://localhost:53680/__cypress/runner/cypress_runner.js:2377:12)\n    at _drainQueue (http://localhost:53680/__cypress/runner/cypress_runner.js:2370:9)\n    at Async._drainQueues (http://localhost:53680/__cypress/runner/cypress_runner.js:2386:5)\n    at Async.drainQueues (http://localhost:53680/__cypress/runner/cypress_runner.js:2256:14)\nFrom Your Spec Code:\n    at Context.eval (webpack://cypressautomation/./cypress/e2e/WebAutomation/11_webTable.cy.js:4:11)",
                "diff": null
              },
              "uuid": "176998b5-1588-4a65-97cb-24efbda4ce64",
              "parentUUID": "e0d01ab2-308c-433b-9f07-5049caed0d70",
              "isHook": false,
              "skipped": false
            }
          ],
          "suites": [],
          "passes": [],
          "failures": [
            "176998b5-1588-4a65-97cb-24efbda4ce64"
          ],
          "pending": [],
          "skipped": [],
          "duration": 765,
          "root": false,
          "rootEmpty": false,
          "_timeout": 2000
        }
      ],
      "passes": [],
      "failures": [],
      "pending": [],
      "skipped": [],
      "duration": 0,
      "root": true,
      "rootEmpty": true,
      "_timeout": 2000
    }
  ],
  "meta": {
    "mocha": {
      "version": "7.0.1"
    },
    "mochawesome": {
      "options": {
        "quiet": false,
        "reportFilename": "mochawesome",
        "saveHtml": false,
        "saveJson": true,
        "consoleReporter": "spec",
        "useInlineDiffs": false,
        "code": true
      },
      "version": "7.1.3"
    },
    "marge": {
      "options": {
        "overwrite": false,
        "html": false,
        "json": true,
        "reportDir": "cypress\\reports\\html\\.jsons"
      },
      "version": "6.2.0"
    }
  }
}