{
  "stats": {
    "suites": 1,
    "tests": 4,
    "passes": 4,
    "pending": 0,
    "failures": 0,
    "start": "2025-03-22T07:10:24.469Z",
    "end": "2025-03-22T07:10:28.374Z",
    "duration": 3905,
    "testsRegistered": 4,
    "passPercent": 100,
    "pendingPercent": 0,
    "other": 0,
    "hasOther": false,
    "skipped": 0,
    "hasSkipped": false
  },
  "results": [
    {
      "uuid": "d5f2033f-81e5-4110-adf2-110625b6e289",
      "title": "",
      "fullFile": "cypress\\e2e\\APIAutomation\\HttpRequests.cy.js",
      "file": "cypress\\e2e\\APIAutomation\\HttpRequests.cy.js",
      "beforeHooks": [],
      "afterHooks": [],
      "tests": [],
      "suites": [
        {
          "uuid": "1d1963bf-a709-47b5-9bb4-d44f6a0ebfbc",
          "title": "HTTP Requests",
          "fullFile": "",
          "file": "",
          "beforeHooks": [],
          "afterHooks": [],
          "tests": [
            {
              "title": "GET Call",
              "fullTitle": "HTTP Requests GET Call",
              "timedOut": null,
              "duration": 980,
              "state": "passed",
              "speed": "fast",
              "pass": true,
              "fail": false,
              "pending": false,
              "context": null,
              "code": "cy.request('GET', 'https://jsonplaceholder.typicode.com/posts/1').its('status').should('equal', 200);",
              "err": {},
              "uuid": "419f825b-0caf-4099-8b11-4afd0c065576",
              "parentUUID": "1d1963bf-a709-47b5-9bb4-d44f6a0ebfbc",
              "isHook": false,
              "skipped": false
            },
            {
              "title": "POST Call",
              "fullTitle": "HTTP Requests POST Call",
              "timedOut": null,
              "duration": 1104,
              "state": "passed",
              "speed": "fast",
              "pass": true,
              "fail": false,
              "pending": false,
              "context": null,
              "code": "cy.request({\n  method: 'POST',\n  url: 'https://jsonplaceholder.typicode.com/posts/',\n  body: {\n    title: \"Test post\",\n    body: \"This is post call\",\n    userId: 1\n  }\n}).its('status').should('equal', 201);",
              "err": {},
              "uuid": "f6e4264d-4b02-4fc2-ab01-be19f952c3fc",
              "parentUUID": "1d1963bf-a709-47b5-9bb4-d44f6a0ebfbc",
              "isHook": false,
              "skipped": false
            },
            {
              "title": "Put Call",
              "fullTitle": "HTTP Requests Put Call",
              "timedOut": null,
              "duration": 1214,
              "state": "passed",
              "speed": "fast",
              "pass": true,
              "fail": false,
              "pending": false,
              "context": null,
              "code": "cy.request({\n  method: 'PUT',\n  url: 'https://jsonplaceholder.typicode.com/posts/1',\n  body: {\n    title: \"Test post\",\n    body: \"This is post call\",\n    userId: 1,\n    id: 1\n  }\n}).its('status').should('equal', 200);",
              "err": {},
              "uuid": "d095a58b-e5a5-4bf5-aa31-3ca0800dca6d",
              "parentUUID": "1d1963bf-a709-47b5-9bb4-d44f6a0ebfbc",
              "isHook": false,
              "skipped": false
            },
            {
              "title": "Delete Call",
              "fullTitle": "HTTP Requests Delete Call",
              "timedOut": null,
              "duration": 482,
              "state": "passed",
              "speed": "fast",
              "pass": true,
              "fail": false,
              "pending": false,
              "context": null,
              "code": "cy.request({\n  method: 'DELETE',\n  url: 'https://jsonplaceholder.typicode.com/posts/1'\n}).its('status').should('equal', 200);",
              "err": {},
              "uuid": "317d28c3-496a-4c18-b0c1-49bd17ce968a",
              "parentUUID": "1d1963bf-a709-47b5-9bb4-d44f6a0ebfbc",
              "isHook": false,
              "skipped": false
            }
          ],
          "suites": [],
          "passes": [
            "419f825b-0caf-4099-8b11-4afd0c065576",
            "f6e4264d-4b02-4fc2-ab01-be19f952c3fc",
            "d095a58b-e5a5-4bf5-aa31-3ca0800dca6d",
            "317d28c3-496a-4c18-b0c1-49bd17ce968a"
          ],
          "failures": [],
          "pending": [],
          "skipped": [],
          "duration": 3780,
          "root": false,
          "rootEmpty": false,
          "_timeout": 2000
        }
      ],
      "passes": [],
      "failures": [],
      "pending": [],
      "skipped": [],
      "duration": 0,
      "root": true,
      "rootEmpty": true,
      "_timeout": 2000
    }
  ],
  "meta": {
    "mocha": {
      "version": "7.0.1"
    },
    "mochawesome": {
      "options": {
        "quiet": false,
        "reportFilename": "mochawesome",
        "saveHtml": false,
        "saveJson": true,
        "consoleReporter": "spec",
        "useInlineDiffs": false,
        "code": true
      },
      "version": "7.1.3"
    },
    "marge": {
      "options": {
        "overwrite": false,
        "html": false,
        "json": true,
        "reportDir": "cypress\\reports\\html\\.jsons"
      },
      "version": "6.2.0"
    }
  }
}